[2022-12-23 11:09:46,919] [INFO] - Connect to tenant t1249145768 successfully
[2022-12-23 11:09:46,920] [DEBUG] - CREATE_FROM and/or CREATE_TO were not set. Using default setup to export 4hours ago from now
[2022-12-23 11:09:46,920] [INFO] - Export data which is created after/from: 2022-12-23 07:09:46.920732+00:00
[2022-12-23 11:09:46,920] [INFO] - and created before/to: 2022-12-23 11:09:46.920732+00:00
[2022-12-23 11:09:47,107] [DEBUG] - Found device 'Normal #1', id: #5373901, owned by admin, number of children: 1, type: c8y_EventBasedSimulator
[2022-12-23 11:09:47,107] [DEBUG] - List of Normal #1's child devices: 
[2022-12-23 11:09:47,304] [INFO] - Found external id: sim_001_profile with type: c8y_EventBasedSimulatorProfile for the device with id 5488213
[2022-12-23 11:09:47,305] [DEBUG] - Created successfully file path: C:\SoftwareAG\Workspace\iotapp\OEEworkspace\oee-simulators\simulators\extras\export_data\sim_001_profile.json
[2022-12-23 11:09:47,305] [DEBUG] - Search for all data from device Simulator Normal #1 - 1[OEE calculation profile], id #5488213
[2022-12-23 11:09:47,348] [DEBUG] - Child device Simulator Normal #1 - 1[OEE calculation profile], id #5488213
[2022-12-23 11:09:47,403] [DEBUG] - Alarms and Measurements data is added to data file at C:\SoftwareAG\Workspace\iotapp\OEEworkspace\oee-simulators\simulators\extras\export_data\sim_001_profile.json
[2022-12-23 11:09:47,433] [INFO] - Exported successfully data for device with id #5488213, external id: sim_001_profile
[2022-12-23 11:09:47,434] [DEBUG] - Found device 'Normal #2', id: #5378701, owned by admin, number of children: 1, type: c8y_EventBasedSimulator
[2022-12-23 11:09:47,434] [DEBUG] - List of Normal #2's child devices: 
[2022-12-23 11:09:47,633] [INFO] - Found external id: sim_002_profile with type: c8y_EventBasedSimulatorProfile for the device with id 5486826
[2022-12-23 11:09:47,633] [DEBUG] - Created successfully file path: C:\SoftwareAG\Workspace\iotapp\OEEworkspace\oee-simulators\simulators\extras\export_data\sim_002_profile.json
[2022-12-23 11:09:47,633] [DEBUG] - Search for all data from device Simulator Normal #2 - 1[OEE calculation profile], id #5486826
[2022-12-23 11:09:47,668] [DEBUG] - Child device Simulator Normal #2 - 1[OEE calculation profile], id #5486826
[2022-12-23 11:09:47,737] [DEBUG] - Alarms and Measurements data is added to data file at C:\SoftwareAG\Workspace\iotapp\OEEworkspace\oee-simulators\simulators\extras\export_data\sim_002_profile.json
[2022-12-23 11:09:47,766] [INFO] - Exported successfully data for device with id #5486826, external id: sim_002_profile
[2022-12-23 11:09:47,766] [DEBUG] - Found device 'Normal #3', id: #5378702, owned by admin, number of children: 1, type: c8y_EventBasedSimulator
[2022-12-23 11:09:47,766] [DEBUG] - List of Normal #3's child devices: 
[2022-12-23 11:09:47,961] [INFO] - Found external id: sim_003_profile with type: c8y_EventBasedSimulatorProfile for the device with id 5486827
[2022-12-23 11:09:47,961] [DEBUG] - Created successfully file path: C:\SoftwareAG\Workspace\iotapp\OEEworkspace\oee-simulators\simulators\extras\export_data\sim_003_profile.json
[2022-12-23 11:09:47,961] [DEBUG] - Search for all data from device Simulator Normal #3 - 1[OEE calculation profile], id #5486827
[2022-12-23 11:09:48,001] [DEBUG] - Child device Simulator Normal #3 - 1[OEE calculation profile], id #5486827
[2022-12-23 11:09:48,072] [DEBUG] - Alarms and Measurements data is added to data file at C:\SoftwareAG\Workspace\iotapp\OEEworkspace\oee-simulators\simulators\extras\export_data\sim_003_profile.json
[2022-12-23 11:09:48,108] [INFO] - Exported successfully data for device with id #5486827, external id: sim_003_profile
[2022-12-23 11:09:48,108] [DEBUG] - Found device 'Normal with Short Shutdowns', id: #5378703, owned by admin, number of children: 1, type: c8y_EventBasedSimulator
[2022-12-23 11:09:48,108] [DEBUG] - List of Normal with Short Shutdowns's child devices: 
[2022-12-23 11:09:48,306] [INFO] - Found external id: sim_004_profile with type: c8y_EventBasedSimulatorProfile for the device with id 5489252
[2022-12-23 11:09:48,307] [DEBUG] - Created successfully file path: C:\SoftwareAG\Workspace\iotapp\OEEworkspace\oee-simulators\simulators\extras\export_data\sim_004_profile.json
[2022-12-23 11:09:48,307] [DEBUG] - Search for all data from device Simulator Normal with Short Shutdowns - 1[OEE calculation profile], id #5489252
[2022-12-23 11:09:48,382] [DEBUG] - Child device Simulator Normal with Short Shutdowns - 1[OEE calculation profile], id #5489252
[2022-12-23 11:09:48,429] [DEBUG] - Alarms and Measurements data is added to data file at C:\SoftwareAG\Workspace\iotapp\OEEworkspace\oee-simulators\simulators\extras\export_data\sim_004_profile.json
[2022-12-23 11:09:48,463] [INFO] - Exported successfully data for device with id #5489252, external id: sim_004_profile
[2022-12-23 11:09:48,464] [DEBUG] - Found device 'Slow Producer', id: #5375877, owned by admin, number of children: 1, type: c8y_EventBasedSimulator
[2022-12-23 11:09:48,464] [DEBUG] - List of Slow Producer's child devices: 
[2022-12-23 11:09:48,665] [INFO] - Found external id: sim_005_profile with type: c8y_EventBasedSimulatorProfile for the device with id 5486829
[2022-12-23 11:09:48,666] [DEBUG] - Created successfully file path: C:\SoftwareAG\Workspace\iotapp\OEEworkspace\oee-simulators\simulators\extras\export_data\sim_005_profile.json
[2022-12-23 11:09:48,666] [DEBUG] - Search for all data from device Simulator Slow Producer - 1[OEE calculation profile], id #5486829
[2022-12-23 11:09:48,701] [DEBUG] - Child device Simulator Slow Producer - 1[OEE calculation profile], id #5486829
[2022-12-23 11:09:48,756] [DEBUG] - Alarms and Measurements data is added to data file at C:\SoftwareAG\Workspace\iotapp\OEEworkspace\oee-simulators\simulators\extras\export_data\sim_005_profile.json
[2022-12-23 11:09:48,787] [INFO] - Exported successfully data for device with id #5486829, external id: sim_005_profile
[2022-12-23 11:09:48,788] [DEBUG] - Found device 'High Frequency Availability', id: #5375878, owned by admin, number of children: 1, type: c8y_EventBasedSimulator
[2022-12-23 11:09:48,788] [DEBUG] - List of High Frequency Availability's child devices: 
[2022-12-23 11:09:49,006] [INFO] - Found external id: sim_006_profile with type: c8y_EventBasedSimulatorProfile for the device with id 5486830
[2022-12-23 11:09:49,006] [DEBUG] - Created successfully file path: C:\SoftwareAG\Workspace\iotapp\OEEworkspace\oee-simulators\simulators\extras\export_data\sim_006_profile.json
[2022-12-23 11:09:49,007] [DEBUG] - Search for all data from device Simulator Hi Frequency Availability - 1[OEE calculation profile], id #5486830
[2022-12-23 11:09:49,042] [DEBUG] - Child device Simulator Hi Frequency Availability - 1[OEE calculation profile], id #5486830
[2022-12-23 11:09:49,101] [DEBUG] - Alarms and Measurements data is added to data file at C:\SoftwareAG\Workspace\iotapp\OEEworkspace\oee-simulators\simulators\extras\export_data\sim_006_profile.json
[2022-12-23 11:09:49,125] [INFO] - Exported successfully data for device with id #5486830, external id: sim_006_profile
[2022-12-23 11:09:49,125] [DEBUG] - Found device 'Slow Producer + High Frequency Availability', id: #5378704, owned by admin, number of children: 1, type: c8y_EventBasedSimulator
[2022-12-23 11:09:49,125] [DEBUG] - List of Slow Producer + High Frequency Availability's child devices: 
[2022-12-23 11:09:49,297] [INFO] - Found external id: sim_007_profile with type: c8y_EventBasedSimulatorProfile for the device with id 5488214
[2022-12-23 11:09:49,298] [DEBUG] - Created successfully file path: C:\SoftwareAG\Workspace\iotapp\OEEworkspace\oee-simulators\simulators\extras\export_data\sim_007_profile.json
[2022-12-23 11:09:49,298] [DEBUG] - Search for all data from device Simulator HFA + SP - 1[OEE calculation profile], id #5488214
[2022-12-23 11:09:49,332] [DEBUG] - Child device Simulator HFA + SP - 1[OEE calculation profile], id #5488214
[2022-12-23 11:09:49,382] [DEBUG] - Alarms and Measurements data is added to data file at C:\SoftwareAG\Workspace\iotapp\OEEworkspace\oee-simulators\simulators\extras\export_data\sim_007_profile.json
[2022-12-23 11:09:49,413] [INFO] - Exported successfully data for device with id #5488214, external id: sim_007_profile
[2022-12-23 11:09:49,413] [DEBUG] - Found device 'Ideal Producer', id: #5378706, owned by admin, number of children: 1, type: c8y_EventBasedSimulator
[2022-12-23 11:09:49,413] [DEBUG] - List of Ideal Producer's child devices: 
[2022-12-23 11:09:49,597] [INFO] - Found external id: sim_008_profile with type: c8y_EventBasedSimulatorProfile for the device with id 5486832
[2022-12-23 11:09:49,597] [DEBUG] - Created successfully file path: C:\SoftwareAG\Workspace\iotapp\OEEworkspace\oee-simulators\simulators\extras\export_data\sim_008_profile.json
[2022-12-23 11:09:49,597] [DEBUG] - Search for all data from device Simulator Ideal Producer - 1[OEE calculation profile], id #5486832
[2022-12-23 11:09:49,636] [DEBUG] - Child device Simulator Ideal Producer - 1[OEE calculation profile], id #5486832
[2022-12-23 11:09:49,703] [DEBUG] - Alarms and Measurements data is added to data file at C:\SoftwareAG\Workspace\iotapp\OEEworkspace\oee-simulators\simulators\extras\export_data\sim_008_profile.json
[2022-12-23 11:09:49,730] [INFO] - Exported successfully data for device with id #5486832, external id: sim_008_profile
[2022-12-23 11:09:49,730] [DEBUG] - Found device 'Ideal Producer Q80', id: #5375879, owned by admin, number of children: 1, type: c8y_EventBasedSimulator
[2022-12-23 11:09:49,730] [DEBUG] - List of Ideal Producer Q80's child devices: 
[2022-12-23 11:09:49,890] [INFO] - Found external id: sim_009_profile with type: c8y_EventBasedSimulatorProfile for the device with id 5487249
[2022-12-23 11:09:49,891] [DEBUG] - Created successfully file path: C:\SoftwareAG\Workspace\iotapp\OEEworkspace\oee-simulators\simulators\extras\export_data\sim_009_profile.json
[2022-12-23 11:09:49,891] [DEBUG] - Search for all data from device Simulator Ideal Producer Q80 - 1[OEE calculation profile], id #5487249
[2022-12-23 11:09:49,925] [DEBUG] - Child device Simulator Ideal Producer Q80 - 1[OEE calculation profile], id #5487249
[2022-12-23 11:09:49,972] [DEBUG] - Alarms and Measurements data is added to data file at C:\SoftwareAG\Workspace\iotapp\OEEworkspace\oee-simulators\simulators\extras\export_data\sim_009_profile.json
[2022-12-23 11:09:49,995] [INFO] - Exported successfully data for device with id #5487249, external id: sim_009_profile
[2022-12-23 11:09:49,995] [DEBUG] - Found device 'Ideal Producer A80', id: #5376727, owned by admin, number of children: 1, type: c8y_EventBasedSimulator
[2022-12-23 11:09:49,995] [DEBUG] - List of Ideal Producer A80's child devices: 
[2022-12-23 11:09:50,204] [INFO] - Found external id: sim_0010_profile with type: c8y_EventBasedSimulatorProfile for the device with id 5487250
[2022-12-23 11:09:50,205] [DEBUG] - Created successfully file path: C:\SoftwareAG\Workspace\iotapp\OEEworkspace\oee-simulators\simulators\extras\export_data\sim_0010_profile.json
[2022-12-23 11:09:50,205] [DEBUG] - Search for all data from device Simulator Ideal Producer A90 - 1[OEE calculation profile], id #5487250
[2022-12-23 11:09:50,238] [DEBUG] - Child device Simulator Ideal Producer A90 - 1[OEE calculation profile], id #5487250
[2022-12-23 11:09:50,293] [DEBUG] - Alarms and Measurements data is added to data file at C:\SoftwareAG\Workspace\iotapp\OEEworkspace\oee-simulators\simulators\extras\export_data\sim_0010_profile.json
[2022-12-23 11:09:50,334] [INFO] - Exported successfully data for device with id #5487250, external id: sim_0010_profile
[2022-12-23 11:09:50,335] [DEBUG] - Found device 'Ideal Producer with Categories', id: #5378707, owned by admin, number of children: 1, type: c8y_EventBasedSimulator
[2022-12-23 11:09:50,335] [DEBUG] - List of Ideal Producer with Categories's child devices: 
[2022-12-23 11:09:50,506] [INFO] - Found external id: sim_0011_profile with type: c8y_EventBasedSimulatorProfile for the device with id 5486833
[2022-12-23 11:09:50,507] [DEBUG] - Created successfully file path: C:\SoftwareAG\Workspace\iotapp\OEEworkspace\oee-simulators\simulators\extras\export_data\sim_0011_profile.json
[2022-12-23 11:09:50,507] [DEBUG] - Search for all data from device Simulator Ideal Producer with Categories - 1[OEE calculation profile], id #5486833
[2022-12-23 11:09:50,544] [DEBUG] - Child device Simulator Ideal Producer with Categories - 1[OEE calculation profile], id #5486833
[2022-12-23 11:09:50,606] [DEBUG] - Alarms and Measurements data is added to data file at C:\SoftwareAG\Workspace\iotapp\OEEworkspace\oee-simulators\simulators\extras\export_data\sim_0011_profile.json
[2022-12-23 11:09:50,628] [INFO] - Exported successfully data for device with id #5486833, external id: sim_0011_profile
[2022-12-23 11:09:50,628] [DEBUG] - Found device 'Normal #12 with short shifts', id: #5373902, owned by admin, number of children: 1, type: c8y_EventBasedSimulator
[2022-12-23 11:09:50,628] [DEBUG] - List of Normal #12 with short shifts's child devices: 
[2022-12-23 11:09:50,825] [INFO] - Found external id: sim_0012_profile with type: c8y_EventBasedSimulatorProfile for the device with id 5486834
[2022-12-23 11:09:50,825] [DEBUG] - Created successfully file path: C:\SoftwareAG\Workspace\iotapp\OEEworkspace\oee-simulators\simulators\extras\export_data\sim_0012_profile.json
[2022-12-23 11:09:50,825] [DEBUG] - Search for all data from device Simulator Normal #12 with Shiftplan - 1[OEE calculation profile], id #5486834
[2022-12-23 11:09:50,857] [DEBUG] - Child device Simulator Normal #12 with Shiftplan - 1[OEE calculation profile], id #5486834
[2022-12-23 11:09:50,939] [DEBUG] - Alarms and Measurements data is added to data file at C:\SoftwareAG\Workspace\iotapp\OEEworkspace\oee-simulators\simulators\extras\export_data\sim_0012_profile.json
[2022-12-23 11:09:50,968] [INFO] - Exported successfully data for device with id #5486834, external id: sim_0012_profile
[2022-12-23 11:09:50,969] [DEBUG] - Found device 'Normal #13 with with one day shift', id: #5373903, owned by admin, number of children: 1, type: c8y_EventBasedSimulator
[2022-12-23 11:09:50,969] [DEBUG] - List of Normal #13 with with one day shift's child devices: 
[2022-12-23 11:09:51,186] [INFO] - Found external id: sim_0013_profile with type: c8y_EventBasedSimulatorProfile for the device with id 5488215
[2022-12-23 11:09:51,186] [DEBUG] - Created successfully file path: C:\SoftwareAG\Workspace\iotapp\OEEworkspace\oee-simulators\simulators\extras\export_data\sim_0013_profile.json
[2022-12-23 11:09:51,186] [DEBUG] - Search for all data from device Simulator Normal #13 with one day shift - 1[OEE calculation profile], id #5488215
[2022-12-23 11:09:51,214] [DEBUG] - Child device Simulator Normal #13 with one day shift - 1[OEE calculation profile], id #5488215
[2022-12-23 11:09:51,275] [DEBUG] - Alarms and Measurements data is added to data file at C:\SoftwareAG\Workspace\iotapp\OEEworkspace\oee-simulators\simulators\extras\export_data\sim_0013_profile.json
[2022-12-23 11:09:51,298] [INFO] - Exported successfully data for device with id #5488215, external id: sim_0013_profile
[2022-12-23 11:09:51,299] [DEBUG] - Found device 'Normal #14 with with two shifts', id: #5361105, owned by admin, number of children: 1, type: c8y_EventBasedSimulator
[2022-12-23 11:09:51,299] [DEBUG] - List of Normal #14 with with two shifts's child devices: 
[2022-12-23 11:09:51,536] [INFO] - Found external id: sim_0014_profile with type: c8y_EventBasedSimulatorProfile for the device with id 5487251
[2022-12-23 11:09:51,536] [DEBUG] - Created successfully file path: C:\SoftwareAG\Workspace\iotapp\OEEworkspace\oee-simulators\simulators\extras\export_data\sim_0014_profile.json
[2022-12-23 11:09:51,536] [DEBUG] - Search for all data from device Simulator Normal #14 with two shifts - 1[OEE calculation profile], id #5487251
[2022-12-23 11:09:51,564] [DEBUG] - Child device Simulator Normal #14 with two shifts - 1[OEE calculation profile], id #5487251
[2022-12-23 11:09:51,618] [DEBUG] - Alarms and Measurements data is added to data file at C:\SoftwareAG\Workspace\iotapp\OEEworkspace\oee-simulators\simulators\extras\export_data\sim_0014_profile.json
[2022-12-23 11:09:51,641] [INFO] - Exported successfully data for device with id #5487251, external id: sim_0014_profile
[2022-12-23 11:09:51,641] [DEBUG] - Found device 'Normal #15 with with three shifts', id: #5378708, owned by admin, number of children: 1, type: c8y_EventBasedSimulator
[2022-12-23 11:09:51,641] [DEBUG] - List of Normal #15 with with three shifts's child devices: 
[2022-12-23 11:09:51,829] [INFO] - Found external id: sim_0015_profile with type: c8y_EventBasedSimulatorProfile for the device with id 5489253
[2022-12-23 11:09:51,829] [DEBUG] - Created successfully file path: C:\SoftwareAG\Workspace\iotapp\OEEworkspace\oee-simulators\simulators\extras\export_data\sim_0015_profile.json
[2022-12-23 11:09:51,829] [DEBUG] - Search for all data from device Simulator Normal #15 with three shifts - 1[OEE calculation profile], id #5489253
[2022-12-23 11:09:51,862] [DEBUG] - Child device Simulator Normal #15 with three shifts - 1[OEE calculation profile], id #5489253
[2022-12-23 11:09:51,909] [DEBUG] - Alarms and Measurements data is added to data file at C:\SoftwareAG\Workspace\iotapp\OEEworkspace\oee-simulators\simulators\extras\export_data\sim_0015_profile.json
[2022-12-23 11:09:51,945] [INFO] - Exported successfully data for device with id #5489253, external id: sim_0015_profile
[2022-12-23 11:09:51,946] [DEBUG] - Found device 'Measurement Simulator #1', id: #5375880, owned by admin, number of children: 1, type: c8y_EventBasedSimulator
[2022-12-23 11:09:51,946] [DEBUG] - List of Measurement Simulator #1's child devices: 
[2022-12-23 11:09:52,158] [INFO] - Found external id: sim_0016_profile with type: c8y_EventBasedSimulatorProfile for the device with id 5490204
[2022-12-23 11:09:52,158] [DEBUG] - Created successfully file path: C:\SoftwareAG\Workspace\iotapp\OEEworkspace\oee-simulators\simulators\extras\export_data\sim_0016_profile.json
[2022-12-23 11:09:52,158] [DEBUG] - Search for all data from device Simulator Normal #16 - 1[OEE calculation profile], id #5490204
[2022-12-23 11:09:52,199] [DEBUG] - Child device Simulator Normal #16 - 1[OEE calculation profile], id #5490204
[2022-12-23 11:09:52,250] [DEBUG] - Alarms and Measurements data is added to data file at C:\SoftwareAG\Workspace\iotapp\OEEworkspace\oee-simulators\simulators\extras\export_data\sim_0016_profile.json
[2022-12-23 11:09:52,286] [INFO] - Exported successfully data for device with id #5490204, external id: sim_0016_profile
[2022-12-23 11:09:52,287] [DEBUG] - Found device 'Measurement Simulator #2', id: #5375881, owned by admin, number of children: 1, type: c8y_EventBasedSimulator
[2022-12-23 11:09:52,287] [DEBUG] - List of Measurement Simulator #2's child devices: 
[2022-12-23 11:09:52,484] [INFO] - Found external id: sim_0017_profile with type: c8y_EventBasedSimulatorProfile for the device with id 5490205
[2022-12-23 11:09:52,484] [DEBUG] - Created successfully file path: C:\SoftwareAG\Workspace\iotapp\OEEworkspace\oee-simulators\simulators\extras\export_data\sim_0017_profile.json
[2022-12-23 11:09:52,484] [DEBUG] - Search for all data from device Simulator Normal #17 - 1[OEE calculation profile], id #5490205
[2022-12-23 11:09:52,513] [DEBUG] - Child device Simulator Normal #17 - 1[OEE calculation profile], id #5490205
[2022-12-23 11:09:52,568] [DEBUG] - Alarms and Measurements data is added to data file at C:\SoftwareAG\Workspace\iotapp\OEEworkspace\oee-simulators\simulators\extras\export_data\sim_0017_profile.json
[2022-12-23 11:09:52,599] [INFO] - Exported successfully data for device with id #5490205, external id: sim_0017_profile
[2022-12-23 11:09:52,599] [DEBUG] - Found device 'Measurement Simulator #3', id: #5376728, owned by admin, number of children: 1, type: c8y_EventBasedSimulator
[2022-12-23 11:09:52,599] [DEBUG] - List of Measurement Simulator #3's child devices: 
[2022-12-23 11:09:52,826] [INFO] - Found external id: sim_0018_profile with type: c8y_EventBasedSimulatorProfile for the device with id 5486837
[2022-12-23 11:09:52,827] [DEBUG] - Created successfully file path: C:\SoftwareAG\Workspace\iotapp\OEEworkspace\oee-simulators\simulators\extras\export_data\sim_0018_profile.json
[2022-12-23 11:09:52,827] [DEBUG] - Search for all data from device Simulator Normal #18 - 1[OEE calculation profile], id #5486837
[2022-12-23 11:09:52,856] [DEBUG] - Child device Simulator Normal #18 - 1[OEE calculation profile], id #5486837
[2022-12-23 11:09:52,915] [DEBUG] - Alarms and Measurements data is added to data file at C:\SoftwareAG\Workspace\iotapp\OEEworkspace\oee-simulators\simulators\extras\export_data\sim_0018_profile.json
[2022-12-23 11:09:52,945] [INFO] - Exported successfully data for device with id #5486837, external id: sim_0018_profile
