2022-11-11 09:35:07,799 DEBUG Connect to tenant t1249145768 successfully
2022-11-11 09:35:07,799 DEBUG Export data which is created after/from: 2022-11-11 05:35:07.799581+00:00
2022-11-11 09:35:07,799 DEBUG and created before/to: 2022-11-11 09:35:07.799581+00:00
2022-11-11 09:35:07,978 INFO Found device 'Normal #1', id: #2214, owned by service_event-based-simulators, number of children: 1, type: c8y_EventBasedSimulator
2022-11-11 09:35:07,978 INFO List of Normal #1's child devices: 
2022-11-11 09:35:07,979 INFO Child device Simulator Normal #1 - 1[OEE calculation profile], id #975560
2022-11-11 09:35:08,065 INFO Log file path for device simulator_normal-#1, id #975560: C:\SoftwareAG\Workspace\iotapp\OEEworkspace\oee-simulators\event-based-simulators\extras\export_data\simulator_normal-#1.json
2022-11-11 09:35:08,095 INFO Found alarm id #2058721, severity: MAJOR, time: 2022-11-11T08:26:07.620Z, creation time: 2022-11-11T08:26:08.788Z, update time : 2022-11-11T08:26:08.788Z

2022-11-11 09:35:08,095 INFO Found alarm id #2052147, severity: MAJOR, time: 2022-11-11T08:06:28.531Z, creation time: 2022-11-11T08:06:28.559Z, update time : 2022-11-11T08:06:28.559Z

2022-11-11 09:35:08,095 INFO Found alarm id #2053022, severity: MAJOR, time: 2022-11-11T07:58:56.781Z, creation time: 2022-11-11T07:58:56.909Z, update time : 2022-11-11T07:58:56.909Z

2022-11-11 09:35:08,095 INFO Found alarm id #2056840, severity: MAJOR, time: 2022-11-11T07:47:28.549Z, creation time: 2022-11-11T07:47:28.594Z, update time : 2022-11-11T07:47:28.594Z

2022-11-11 09:35:08,095 INFO Found alarm id #2055629, severity: MAJOR, time: 2022-11-11T07:29:49.423Z, creation time: 2022-11-11T07:29:49.477Z, update time : 2022-11-11T07:29:49.477Z

2022-11-11 09:35:08,095 INFO Found alarm id #2055467, severity: MAJOR, time: 2022-11-11T07:21:05.800Z, creation time: 2022-11-11T07:21:05.822Z, update time : 2022-11-11T07:21:05.822Z

2022-11-11 09:35:08,096 INFO Found alarm id #2052737, severity: MAJOR, time: 2022-11-11T07:16:00.341Z, creation time: 2022-11-11T07:16:00.370Z, update time : 2022-11-11T07:16:00.370Z

2022-11-11 09:35:08,096 INFO Found alarm id #2054507, severity: MAJOR, time: 2022-11-11T06:39:21.237Z, creation time: 2022-11-11T06:39:21.258Z, update time : 2022-11-11T06:39:21.258Z

2022-11-11 09:35:08,096 INFO Found alarm id #2043179, severity: MAJOR, time: 2022-11-11T05:52:46.691Z, creation time: 2022-11-11T05:52:46.729Z, update time : 2022-11-11T05:52:46.729Z

2022-11-11 09:35:08,096 INFO Found alarm id #2050318, severity: MAJOR, time: 2022-11-11T05:36:16.688Z, creation time: 2022-11-11T05:36:16.723Z, update time : 2022-11-11T05:36:16.723Z

2022-11-11 09:35:08,179 INFO Found measurement id #2050626

2022-11-11 09:35:08,179 INFO Found measurement id #2051243

2022-11-11 09:35:08,179 INFO Found measurement id #2052225

2022-11-11 09:35:08,179 INFO Found measurement id #2050808

2022-11-11 09:35:08,179 INFO Found measurement id #2052294

2022-11-11 09:35:08,179 INFO Found measurement id #2051159

2022-11-11 09:35:08,179 INFO Found measurement id #2048799

2022-11-11 09:35:08,179 INFO Found measurement id #2051445

2022-11-11 09:35:08,180 INFO Found measurement id #2053675

2022-11-11 09:35:08,180 INFO Found measurement id #2051573

2022-11-11 09:35:08,180 INFO Found measurement id #2054072

2022-11-11 09:35:08,180 INFO Found measurement id #2051631

2022-11-11 09:35:08,180 INFO Found measurement id #2051632

2022-11-11 09:35:08,180 INFO Found measurement id #2049152

2022-11-11 09:35:08,180 INFO Found measurement id #2049187

2022-11-11 09:35:08,180 INFO Found measurement id #2056486

2022-11-11 09:35:08,180 INFO Found measurement id #2055631

2022-11-11 09:35:08,180 INFO Found measurement id #2051915

2022-11-11 09:35:08,180 INFO Found measurement id #2056842

2022-11-11 09:35:08,180 INFO Found measurement id #2058200

2022-11-11 09:35:08,180 INFO Found measurement id #2052082

2022-11-11 09:35:08,180 INFO Found measurement id #2057053

2022-11-11 09:35:08,180 INFO Found measurement id #2053071

2022-11-11 09:35:08,180 INFO Found measurement id #2061203

2022-11-11 09:35:08,180 INFO Found measurement id #2061204

2022-11-11 09:35:08,180 INFO Found measurement id #2058723

2022-11-11 09:35:08,212 INFO Alarms and Measurements data is added to data file at C:\SoftwareAG\Workspace\iotapp\OEEworkspace\oee-simulators\event-based-simulators\extras\export_data\simulator_normal-#1.json
2022-11-11 09:35:08,213 INFO Found device 'Normal #2', id: #5106, owned by service_event-based-simulators, number of children: 1, type: c8y_EventBasedSimulator
2022-11-11 09:35:08,213 INFO List of Normal #2's child devices: 
2022-11-11 09:35:08,213 INFO Child device Simulator Normal #2 - 1[OEE calculation profile], id #977106
2022-11-11 09:35:08,284 ERROR Could not find external id for the device with id 977106
2022-11-11 09:35:08,284 INFO Found device 'Normal #3', id: #3211, owned by service_event-based-simulators, number of children: 1, type: c8y_EventBasedSimulator
2022-11-11 09:35:08,284 INFO List of Normal #3's child devices: 
2022-11-11 09:35:08,284 INFO Child device Simulator Normal #3 - 1[OEE calculation profile], id #975561
2022-11-11 09:35:08,361 ERROR Could not find external id for the device with id 975561
2022-11-11 09:35:08,361 INFO Found device 'Normal with Short Shutdowns', id: #5108, owned by service_event-based-simulators, number of children: 1, type: c8y_EventBasedSimulator
2022-11-11 09:35:08,361 INFO List of Normal with Short Shutdowns's child devices: 
2022-11-11 09:35:08,361 INFO Child device Simulator Normal with Short Shutdowns - 1[OEE calculation profile], id #973533
2022-11-11 09:35:08,437 ERROR Could not find external id for the device with id 973533
2022-11-11 09:35:08,437 INFO Found device 'Slow Producer', id: #2215, owned by service_event-based-simulators, number of children: 1, type: c8y_EventBasedSimulator
2022-11-11 09:35:08,437 INFO List of Slow Producer's child devices: 
2022-11-11 09:35:08,437 INFO Child device Simulator Slow Producer - 1[OEE calculation profile], id #977108
2022-11-11 09:35:08,515 ERROR Could not find external id for the device with id 977108
2022-11-11 09:35:08,516 INFO Found device 'High Frequency Availability', id: #3212, owned by service_event-based-simulators, number of children: 1, type: c8y_EventBasedSimulator
2022-11-11 09:35:08,516 INFO List of High Frequency Availability's child devices: 
2022-11-11 09:35:08,516 INFO Child device Simulator Hi Frequency Availability - 1[OEE calculation profile], id #977109
2022-11-11 09:35:08,587 ERROR Could not find external id for the device with id 977109
2022-11-11 09:35:08,587 INFO Found device 'Slow Producer + Hight Frequency Availability', id: #2216, owned by service_event-based-simulators, number of children: 1, type: c8y_EventBasedSimulator
2022-11-11 09:35:08,587 INFO List of Slow Producer + Hight Frequency Availability's child devices: 
2022-11-11 09:35:08,587 INFO Child device Simulator HFA + SP - 1[OEE calculation profile], id #974582
2022-11-11 09:35:08,669 ERROR Could not find external id for the device with id 974582
2022-11-11 09:35:08,669 INFO Found device 'Ideal Producer', id: #5109, owned by service_event-based-simulators, number of children: 1, type: c8y_EventBasedSimulator
2022-11-11 09:35:08,669 INFO List of Ideal Producer's child devices: 
2022-11-11 09:35:08,669 INFO Child device Simulator Ideal Producer - 1[OEE calculation profile], id #972075
2022-11-11 09:35:08,808 ERROR Could not find external id for the device with id 972075
2022-11-11 09:35:08,808 INFO Found device 'Ideal Producer Q80', id: #2217, owned by service_event-based-simulators, number of children: 1, type: c8y_EventBasedSimulator
2022-11-11 09:35:08,808 INFO List of Ideal Producer Q80's child devices: 
2022-11-11 09:35:08,808 INFO Child device Simulator Ideal Producer Q80 - 1[OEE calculation profile], id #974583
2022-11-11 09:35:08,885 ERROR Could not find external id for the device with id 974583
2022-11-11 09:35:08,885 INFO Found device 'Ideal Producer A80', id: #3213, owned by service_event-based-simulators, number of children: 1, type: c8y_EventBasedSimulator
2022-11-11 09:35:08,885 INFO List of Ideal Producer A80's child devices: 
2022-11-11 09:35:08,885 INFO Child device Simulator Ideal Producer A90 - 1[OEE calculation profile], id #972076
2022-11-11 09:35:08,952 ERROR Could not find external id for the device with id 972076
2022-11-11 09:35:08,952 INFO Found device 'Ideal Producer with Categories', id: #967945, owned by service_event-based-simulators, number of children: 1, type: c8y_EventBasedSimulator
2022-11-11 09:35:08,952 INFO List of Ideal Producer with Categories's child devices: 
2022-11-11 09:35:08,952 INFO Child device Simulator Ideal Producer with Categories - 1[OEE calculation profile], id #975562
2022-11-11 09:35:09,032 ERROR Could not find external id for the device with id 975562
