[2022-11-14 14:59:43,285] [INFO] - Connect to tenant t1249145768 successfully
[2022-11-14 14:59:43,286] [INFO] - Export data which is created after/from: 2022-11-14 10:59:43.286147+00:00
[2022-11-14 14:59:43,287] [INFO] - and created before/to: 2022-11-14 14:59:43.286147+00:00
[2022-11-14 14:59:43,450] [DEBUG] - Found device 'Normal #1', id: #2214, owned by service_event-based-simulators, number of children: 1, type: c8y_EventBasedSimulator
[2022-11-14 14:59:43,450] [DEBUG] - List of Normal #1's child devices: 
[2022-11-14 14:59:43,636] [DEBUG] - Created successfully file path: C:\SoftwareAG\Workspace\iotapp\OEEworkspace\oee-simulators\event-based-simulators\extras\export_data\simulator_normal-#1.json
[2022-11-14 14:59:43,641] [DEBUG] - Search for all data from device Simulator Normal #1 - 1[OEE calculation profile], id #975560 
[2022-11-14 14:59:43,669] [DEBUG] - Child device Simulator Normal #1 - 1[OEE calculation profile], id #975560
[2022-11-14 14:59:43,699] [DEBUG] - Found alarm id #2338781, severity: MAJOR, time: 2022-11-14T13:45:15.869Z, creation time: 2022-11-14T13:45:15.893Z, update time : 2022-11-14T13:45:15.893Z

[2022-11-14 14:59:43,699] [DEBUG] - Found alarm id #2337861, severity: MAJOR, time: 2022-11-14T13:25:21.339Z, creation time: 2022-11-14T13:25:21.481Z, update time : 2022-11-14T13:25:21.481Z

[2022-11-14 14:59:43,699] [DEBUG] - Found alarm id #2337859, severity: MAJOR, time: 2022-11-14T13:25:21.339Z, creation time: 2022-11-14T13:25:21.381Z, update time : 2022-11-14T13:25:21.381Z

[2022-11-14 14:59:43,700] [DEBUG] - Found alarm id #2332183, severity: MAJOR, time: 2022-11-14T12:19:51.327Z, creation time: 2022-11-14T12:19:51.362Z, update time : 2022-11-14T12:19:51.362Z

[2022-11-14 14:59:43,700] [DEBUG] - Found alarm id #2330449, severity: MAJOR, time: 2022-11-14T11:20:23.116Z, creation time: 2022-11-14T11:20:23.143Z, update time : 2022-11-14T11:20:23.143Z

[2022-11-14 14:59:43,700] [DEBUG] - Found alarm id #2326791, severity: MAJOR, time: 2022-11-14T11:13:35.863Z, creation time: 2022-11-14T11:13:35.906Z, update time : 2022-11-14T11:13:35.906Z

[2022-11-14 14:59:43,774] [DEBUG] - Found measurement id #2330316

[2022-11-14 14:59:43,774] [DEBUG] - Found measurement id #2326845

[2022-11-14 14:59:43,774] [DEBUG] - Found measurement id #2326922

[2022-11-14 14:59:43,774] [DEBUG] - Found measurement id #2324958

[2022-11-14 14:59:43,774] [DEBUG] - Found measurement id #2325021

[2022-11-14 14:59:43,775] [DEBUG] - Found measurement id #2327098

[2022-11-14 14:59:43,775] [DEBUG] - Found measurement id #2327999

[2022-11-14 14:59:43,775] [DEBUG] - Found measurement id #2331787

[2022-11-14 14:59:43,775] [DEBUG] - Found measurement id #2325160

[2022-11-14 14:59:43,775] [DEBUG] - Found measurement id #2328056

[2022-11-14 14:59:43,775] [DEBUG] - Found measurement id #2328148

[2022-11-14 14:59:43,775] [DEBUG] - Found measurement id #2333424

[2022-11-14 14:59:43,775] [DEBUG] - Found measurement id #2335395

[2022-11-14 14:59:43,775] [DEBUG] - Found measurement id #2332951

[2022-11-14 14:59:43,775] [DEBUG] - Found measurement id #2333170

[2022-11-14 14:59:43,775] [DEBUG] - Found measurement id #2333647

[2022-11-14 14:59:43,775] [DEBUG] - Found measurement id #2335934

[2022-11-14 14:59:43,775] [DEBUG] - Found measurement id #2335935

[2022-11-14 14:59:43,775] [DEBUG] - Found measurement id #2336493

[2022-11-14 14:59:43,775] [DEBUG] - Found measurement id #2333789

[2022-11-14 14:59:43,775] [DEBUG] - Found measurement id #2336613

[2022-11-14 14:59:43,775] [DEBUG] - Found measurement id #2336614

[2022-11-14 14:59:43,775] [DEBUG] - Found measurement id #2339244

[2022-11-14 14:59:43,775] [DEBUG] - Found measurement id #2336746

[2022-11-14 14:59:43,775] [DEBUG] - Found measurement id #2339042

[2022-11-14 14:59:43,775] [DEBUG] - Found measurement id #2339539

[2022-11-14 14:59:43,775] [DEBUG] - Found measurement id #2339540

[2022-11-14 14:59:43,805] [DEBUG] - Alarms and Measurements data is added to data file at C:\SoftwareAG\Workspace\iotapp\OEEworkspace\oee-simulators\event-based-simulators\extras\export_data\simulator_normal-#1.json
[2022-11-14 14:59:43,831] [DEBUG] - Found device 'Normal #2', id: #5106, owned by service_event-based-simulators, number of children: 1, type: c8y_EventBasedSimulator
[2022-11-14 14:59:43,831] [DEBUG] - List of Normal #2's child devices: 
[2022-11-14 14:59:44,218] [DEBUG] - Created successfully file path: C:\SoftwareAG\Workspace\iotapp\OEEworkspace\oee-simulators\event-based-simulators\extras\export_data\abc.json
[2022-11-14 14:59:44,218] [DEBUG] - Search for all data from device Simulator Normal #2 - 1[OEE calculation profile], id #977106 
[2022-11-14 14:59:44,258] [DEBUG] - Child device Simulator Normal #2 - 1[OEE calculation profile], id #977106
[2022-11-14 14:59:44,286] [DEBUG] - Found alarm id #2327191, severity: MAJOR, time: 2022-11-14T12:00:58.596Z, creation time: 2022-11-14T12:00:58.708Z, update time : 2022-11-14T12:00:58.708Z

[2022-11-14 14:59:44,286] [DEBUG] - Found alarm id #2331822, severity: MAJOR, time: 2022-11-14T12:00:58.596Z, creation time: 2022-11-14T12:00:58.622Z, update time : 2022-11-14T12:00:58.622Z

[2022-11-14 14:59:44,286] [DEBUG] - Found alarm id #2330633, severity: MAJOR, time: 2022-11-14T11:29:54.957Z, creation time: 2022-11-14T11:29:54.981Z, update time : 2022-11-14T11:29:54.981Z

[2022-11-14 14:59:44,350] [DEBUG] - Found measurement id #2330635

[2022-11-14 14:59:44,351] [DEBUG] - Found measurement id #2331824

[2022-11-14 14:59:44,351] [DEBUG] - Found measurement id #2332229

[2022-11-14 14:59:44,351] [DEBUG] - Found measurement id #2336220

[2022-11-14 14:59:44,351] [DEBUG] - Found measurement id #2336433

[2022-11-14 14:59:44,351] [DEBUG] - Found measurement id #2333669

[2022-11-14 14:59:44,351] [DEBUG] - Found measurement id #2333901

[2022-11-14 14:59:44,376] [DEBUG] - Alarms and Measurements data is added to data file at C:\SoftwareAG\Workspace\iotapp\OEEworkspace\oee-simulators\event-based-simulators\extras\export_data\abc.json
[2022-11-14 14:59:44,399] [DEBUG] - Found device 'Normal #3', id: #3211, owned by service_event-based-simulators, number of children: 1, type: c8y_EventBasedSimulator
[2022-11-14 14:59:44,399] [DEBUG] - List of Normal #3's child devices: 
[2022-11-14 14:59:44,579] [INFO] - Could not find external id for the device with id 975561
[2022-11-14 14:59:44,579] [DEBUG] - Found device 'Normal with Short Shutdowns', id: #5108, owned by service_event-based-simulators, number of children: 1, type: c8y_EventBasedSimulator
[2022-11-14 14:59:44,579] [DEBUG] - List of Normal with Short Shutdowns's child devices: 
[2022-11-14 14:59:45,239] [INFO] - The type abc of external ID must be c8y_EventBasedSimulatorProfile
[2022-11-14 14:59:45,239] [DEBUG] - Found device 'Slow Producer', id: #2215, owned by service_event-based-simulators, number of children: 1, type: c8y_EventBasedSimulator
[2022-11-14 14:59:45,239] [DEBUG] - List of Slow Producer's child devices: 
[2022-11-14 14:59:45,410] [INFO] - Could not find external id for the device with id 977108
[2022-11-14 14:59:45,411] [DEBUG] - Found device 'High Frequency Availability', id: #3212, owned by service_event-based-simulators, number of children: 1, type: c8y_EventBasedSimulator
[2022-11-14 14:59:45,411] [DEBUG] - List of High Frequency Availability's child devices: 
[2022-11-14 14:59:45,565] [INFO] - Could not find external id for the device with id 977109
[2022-11-14 14:59:45,565] [DEBUG] - Found device 'Slow Producer + Hight Frequency Availability', id: #2216, owned by service_event-based-simulators, number of children: 1, type: c8y_EventBasedSimulator
[2022-11-14 14:59:45,565] [DEBUG] - List of Slow Producer + Hight Frequency Availability's child devices: 
[2022-11-14 14:59:45,707] [INFO] - Could not find external id for the device with id 974582
[2022-11-14 14:59:45,707] [DEBUG] - Found device 'Ideal Producer', id: #5109, owned by service_event-based-simulators, number of children: 1, type: c8y_EventBasedSimulator
[2022-11-14 14:59:45,707] [DEBUG] - List of Ideal Producer's child devices: 
[2022-11-14 14:59:45,855] [INFO] - Could not find external id for the device with id 972075
[2022-11-14 14:59:45,856] [DEBUG] - Found device 'Ideal Producer Q80', id: #2217, owned by service_event-based-simulators, number of children: 1, type: c8y_EventBasedSimulator
[2022-11-14 14:59:45,856] [DEBUG] - List of Ideal Producer Q80's child devices: 
[2022-11-14 14:59:46,028] [INFO] - Could not find external id for the device with id 974583
[2022-11-14 14:59:46,028] [DEBUG] - Found device 'Ideal Producer A80', id: #3213, owned by service_event-based-simulators, number of children: 1, type: c8y_EventBasedSimulator
[2022-11-14 14:59:46,028] [DEBUG] - List of Ideal Producer A80's child devices: 
[2022-11-14 14:59:46,187] [INFO] - Could not find external id for the device with id 972076
[2022-11-14 14:59:46,187] [DEBUG] - Found device 'Ideal Producer with Categories', id: #967945, owned by service_event-based-simulators, number of children: 1, type: c8y_EventBasedSimulator
[2022-11-14 14:59:46,187] [DEBUG] - List of Ideal Producer with Categories's child devices: 
[2022-11-14 14:59:46,498] [INFO] - Could not find external id for the device with id 975562
